<?xml version="1.0" encoding="UTF-8"?>
<!-- Generated by org.testng.reporters.JUnitReportReporter -->
<testsuite hostname="Rambo" name="com.ecalix.tests.LoginTest" tests="1" failures="0" timestamp="30 Mar 2015 00:52:04 GMT" time="7.536" errors="0">
  <testcase name="Login01" time="7.536" classname="com.ecalix.tests.LoginTest"/>
</testsuite> <!-- com.ecalix.tests.LoginTest -->
